
*** Running vivado
    with args -log inst_ram.vds -m64 -product Vivado -mode batch -messageDb vivado.pb -notrace -source inst_ram.tcl


ECHO 处于关闭状态。
ECHO 处于关闭状态。

****** Vivado v2023.1 (64-bit)
  **** SW Build 3865809 on Sun May  7 15:05:29 MDT 2023
  **** IP Build 3864474 on Sun May  7 20:36:21 MDT 2023
  **** SharedData Build 3865790 on Sun May 07 13:33:03 MDT 2023
    ** Copyright 1986-2022 Xilinx, Inc. All Rights Reserved.
    ** Copyright 2022-2023 Advanced Micro Devices, Inc. All Rights Reserved.

source inst_ram.tcl -notrace
create_project: Time (s): cpu = 00:00:04 ; elapsed = 00:00:06 . Memory (MB): peak = 442.473 ; gain = 162.773
INFO: [IP_Flow 19-6924] IPCACHE: Running cache check for IP inst: inst_ram
Command: synth_design -top inst_ram -part xc7a200tfbg676-1 -incremental_mode off -mode out_of_context
Starting synth_design
Attempting to get a license for feature 'Synthesis' and/or device 'xc7a200t'
INFO: [Common 17-349] Got license for feature 'Synthesis' and/or device 'xc7a200t'
INFO: [Device 21-403] Loading part xc7a200tfbg676-1
INFO: [Synth 8-7079] Multithreading enabled for synth_design using a maximum of 2 processes.
INFO: [Synth 8-7078] Launching helper process for spawning children vivado processes
INFO: [Synth 8-7075] Helper process launched with PID 26504
---------------------------------------------------------------------------------
Starting RTL Elaboration : Time (s): cpu = 00:00:05 ; elapsed = 00:00:07 . Memory (MB): peak = 1324.875 ; gain = 409.992
---------------------------------------------------------------------------------
INFO: [Synth 8-256] done synthesizing module 'inst_ram' (0#1) [d:/VScode/course/ca-lab/prj3/exp10/mycpu_env/soc_verify/soc_bram/rtl/xilinx_ip/inst_ram/synth/inst_ram.vhd:70]
WARNING: [Synth 8-7129] Port CLKB in module blk_mem_output_block is either unconnected or has no load
WARNING: [Synth 8-7129] Port DOUTB_I[31] in module blk_mem_output_block is either unconnected or has no load
WARNING: [Synth 8-7129] Port DOUTB_I[30] in module blk_mem_output_block is either unconnected or has no load
WARNING: [Synth 8-7129] Port DOUTB_I[29] in module blk_mem_output_block is either unconnected or has no load
WARNING: [Synth 8-7129] Port DOUTB_I[28] in module blk_mem_output_block is either unconnected or has no load
WARNING: [Synth 8-7129] Port DOUTB_I[27] in module blk_mem_output_block is either unconnected or has no load
WARNING: [Synth 8-7129] Port DOUTB_I[26] in module blk_mem_output_block is either unconnected or has no load
WARNING: [Synth 8-7129] Port DOUTB_I[25] in module blk_mem_output_block is either unconnected or has no load
WARNING: [Synth 8-7129] Port DOUTB_I[24] in module blk_mem_output_block is either unconnected or has no load
WARNING: [Synth 8-7129] Port DOUTB_I[23] in module blk_mem_output_block is either unconnected or has no load
WARNING: [Synth 8-7129] Port DOUTB_I[22] in module blk_mem_output_block is either unconnected or has no load
WARNING: [Synth 8-7129] Port DOUTB_I[21] in module blk_mem_output_block is either unconnected or has no load
WARNING: [Synth 8-7129] Port DOUTB_I[20] in module blk_mem_output_block is either unconnected or has no load
WARNING: [Synth 8-7129] Port DOUTB_I[19] in module blk_mem_output_block is either unconnected or has no load
WARNING: [Synth 8-7129] Port DOUTB_I[18] in module blk_mem_output_block is either unconnected or has no load
WARNING: [Synth 8-7129] Port DOUTB_I[17] in module blk_mem_output_block is either unconnected or has no load
WARNING: [Synth 8-7129] Port DOUTB_I[16] in module blk_mem_output_block is either unconnected or has no load
WARNING: [Synth 8-7129] Port DOUTB_I[15] in module blk_mem_output_block is either unconnected or has no load
WARNING: [Synth 8-7129] Port DOUTB_I[14] in module blk_mem_output_block is either unconnected or has no load
WARNING: [Synth 8-7129] Port DOUTB_I[13] in module blk_mem_output_block is either unconnected or has no load
WARNING: [Synth 8-7129] Port DOUTB_I[12] in module blk_mem_output_block is either unconnected or has no load
WARNING: [Synth 8-7129] Port DOUTB_I[11] in module blk_mem_output_block is either unconnected or has no load
WARNING: [Synth 8-7129] Port DOUTB_I[10] in module blk_mem_output_block is either unconnected or has no load
WARNING: [Synth 8-7129] Port DOUTB_I[9] in module blk_mem_output_block is either unconnected or has no load
WARNING: [Synth 8-7129] Port DOUTB_I[8] in module blk_mem_output_block is either unconnected or has no load
WARNING: [Synth 8-7129] Port DOUTB_I[7] in module blk_mem_output_block is either unconnected or has no load
WARNING: [Synth 8-7129] Port DOUTB_I[6] in module blk_mem_output_block is either unconnected or has no load
WARNING: [Synth 8-7129] Port DOUTB_I[5] in module blk_mem_output_block is either unconnected or has no load
WARNING: [Synth 8-7129] Port DOUTB_I[4] in module blk_mem_output_block is either unconnected or has no load
WARNING: [Synth 8-7129] Port DOUTB_I[3] in module blk_mem_output_block is either unconnected or has no load
WARNING: [Synth 8-7129] Port DOUTB_I[2] in module blk_mem_output_block is either unconnected or has no load
WARNING: [Synth 8-7129] Port DOUTB_I[1] in module blk_mem_output_block is either unconnected or has no load
WARNING: [Synth 8-7129] Port DOUTB_I[0] in module blk_mem_output_block is either unconnected or has no load
WARNING: [Synth 8-7129] Port SBITERR_I in module blk_mem_output_block is either unconnected or has no load
WARNING: [Synth 8-7129] Port DBITERR_I in module blk_mem_output_block is either unconnected or has no load
WARNING: [Synth 8-7129] Port RDADDRECC_I[17] in module blk_mem_output_block is either unconnected or has no load
WARNING: [Synth 8-7129] Port RDADDRECC_I[16] in module blk_mem_output_block is either unconnected or has no load
WARNING: [Synth 8-7129] Port RDADDRECC_I[15] in module blk_mem_output_block is either unconnected or has no load
WARNING: [Synth 8-7129] Port RDADDRECC_I[14] in module blk_mem_output_block is either unconnected or has no load
WARNING: [Synth 8-7129] Port RDADDRECC_I[13] in module blk_mem_output_block is either unconnected or has no load
WARNING: [Synth 8-7129] Port RDADDRECC_I[12] in module blk_mem_output_block is either unconnected or has no load
WARNING: [Synth 8-7129] Port RDADDRECC_I[11] in module blk_mem_output_block is either unconnected or has no load
WARNING: [Synth 8-7129] Port RDADDRECC_I[10] in module blk_mem_output_block is either unconnected or has no load
WARNING: [Synth 8-7129] Port RDADDRECC_I[9] in module blk_mem_output_block is either unconnected or has no load
WARNING: [Synth 8-7129] Port RDADDRECC_I[8] in module blk_mem_output_block is either unconnected or has no load
WARNING: [Synth 8-7129] Port RDADDRECC_I[7] in module blk_mem_output_block is either unconnected or has no load
WARNING: [Synth 8-7129] Port RDADDRECC_I[6] in module blk_mem_output_block is either unconnected or has no load
WARNING: [Synth 8-7129] Port RDADDRECC_I[5] in module blk_mem_output_block is either unconnected or has no load
WARNING: [Synth 8-7129] Port RDADDRECC_I[4] in module blk_mem_output_block is either unconnected or has no load
WARNING: [Synth 8-7129] Port RDADDRECC_I[3] in module blk_mem_output_block is either unconnected or has no load
WARNING: [Synth 8-7129] Port RDADDRECC_I[2] in module blk_mem_output_block is either unconnected or has no load
WARNING: [Synth 8-7129] Port RDADDRECC_I[1] in module blk_mem_output_block is either unconnected or has no load
WARNING: [Synth 8-7129] Port RDADDRECC_I[0] in module blk_mem_output_block is either unconnected or has no load
WARNING: [Synth 8-7129] Port DOUTB[8] in module blk_mem_gen_prim_wrapper_init__parameterized254 is either unconnected or has no load
WARNING: [Synth 8-7129] Port DOUTB[7] in module blk_mem_gen_prim_wrapper_init__parameterized254 is either unconnected or has no load
WARNING: [Synth 8-7129] Port DOUTB[6] in module blk_mem_gen_prim_wrapper_init__parameterized254 is either unconnected or has no load
WARNING: [Synth 8-7129] Port DOUTB[5] in module blk_mem_gen_prim_wrapper_init__parameterized254 is either unconnected or has no load
WARNING: [Synth 8-7129] Port DOUTB[4] in module blk_mem_gen_prim_wrapper_init__parameterized254 is either unconnected or has no load
WARNING: [Synth 8-7129] Port DOUTB[3] in module blk_mem_gen_prim_wrapper_init__parameterized254 is either unconnected or has no load
WARNING: [Synth 8-7129] Port DOUTB[2] in module blk_mem_gen_prim_wrapper_init__parameterized254 is either unconnected or has no load
WARNING: [Synth 8-7129] Port DOUTB[1] in module blk_mem_gen_prim_wrapper_init__parameterized254 is either unconnected or has no load
WARNING: [Synth 8-7129] Port DOUTB[0] in module blk_mem_gen_prim_wrapper_init__parameterized254 is either unconnected or has no load
WARNING: [Synth 8-7129] Port SBITERR in module blk_mem_gen_prim_wrapper_init__parameterized254 is either unconnected or has no load
WARNING: [Synth 8-7129] Port DBITERR in module blk_mem_gen_prim_wrapper_init__parameterized254 is either unconnected or has no load
WARNING: [Synth 8-7129] Port SSRA in module blk_mem_gen_prim_wrapper_init__parameterized254 is either unconnected or has no load
WARNING: [Synth 8-7129] Port CLKB in module blk_mem_gen_prim_wrapper_init__parameterized254 is either unconnected or has no load
WARNING: [Synth 8-7129] Port SSRB in module blk_mem_gen_prim_wrapper_init__parameterized254 is either unconnected or has no load
WARNING: [Synth 8-7129] Port ENB in module blk_mem_gen_prim_wrapper_init__parameterized254 is either unconnected or has no load
WARNING: [Synth 8-7129] Port REGCEB in module blk_mem_gen_prim_wrapper_init__parameterized254 is either unconnected or has no load
WARNING: [Synth 8-7129] Port WEB[0] in module blk_mem_gen_prim_wrapper_init__parameterized254 is either unconnected or has no load
WARNING: [Synth 8-7129] Port ADDRB[11] in module blk_mem_gen_prim_wrapper_init__parameterized254 is either unconnected or has no load
WARNING: [Synth 8-7129] Port ADDRB[10] in module blk_mem_gen_prim_wrapper_init__parameterized254 is either unconnected or has no load
WARNING: [Synth 8-7129] Port ADDRB[9] in module blk_mem_gen_prim_wrapper_init__parameterized254 is either unconnected or has no load
WARNING: [Synth 8-7129] Port ADDRB[8] in module blk_mem_gen_prim_wrapper_init__parameterized254 is either unconnected or has no load
WARNING: [Synth 8-7129] Port ADDRB[7] in module blk_mem_gen_prim_wrapper_init__parameterized254 is either unconnected or has no load
WARNING: [Synth 8-7129] Port ADDRB[6] in module blk_mem_gen_prim_wrapper_init__parameterized254 is either unconnected or has no load
WARNING: [Synth 8-7129] Port ADDRB[5] in module blk_mem_gen_prim_wrapper_init__parameterized254 is either unconnected or has no load
WARNING: [Synth 8-7129] Port ADDRB[4] in module blk_mem_gen_prim_wrapper_init__parameterized254 is either unconnected or has no load
WARNING: [Synth 8-7129] Port ADDRB[3] in module blk_mem_gen_prim_wrapper_init__parameterized254 is either unconnected or has no load
WARNING: [Synth 8-7129] Port ADDRB[2] in module blk_mem_gen_prim_wrapper_init__parameterized254 is either unconnected or has no load
WARNING: [Synth 8-7129] Port ADDRB[1] in module blk_mem_gen_prim_wrapper_init__parameterized254 is either unconnected or has no load
WARNING: [Synth 8-7129] Port ADDRB[0] in module blk_mem_gen_prim_wrapper_init__parameterized254 is either unconnected or has no load
WARNING: [Synth 8-7129] Port DINB[8] in module blk_mem_gen_prim_wrapper_init__parameterized254 is either unconnected or has no load
WARNING: [Synth 8-7129] Port DINB[7] in module blk_mem_gen_prim_wrapper_init__parameterized254 is either unconnected or has no load
WARNING: [Synth 8-7129] Port DINB[6] in module blk_mem_gen_prim_wrapper_init__parameterized254 is either unconnected or has no load
WARNING: [Synth 8-7129] Port DINB[5] in module blk_mem_gen_prim_wrapper_init__parameterized254 is either unconnected or has no load
WARNING: [Synth 8-7129] Port DINB[4] in module blk_mem_gen_prim_wrapper_init__parameterized254 is either unconnected or has no load
WARNING: [Synth 8-7129] Port DINB[3] in module blk_mem_gen_prim_wrapper_init__parameterized254 is either unconnected or has no load
WARNING: [Synth 8-7129] Port DINB[2] in module blk_mem_gen_prim_wrapper_init__parameterized254 is either unconnected or has no load
WARNING: [Synth 8-7129] Port DINB[1] in module blk_mem_gen_prim_wrapper_init__parameterized254 is either unconnected or has no load
WARNING: [Synth 8-7129] Port DINB[0] in module blk_mem_gen_prim_wrapper_init__parameterized254 is either unconnected or has no load
WARNING: [Synth 8-7129] Port SLEEP in module blk_mem_gen_prim_wrapper_init__parameterized254 is either unconnected or has no load
WARNING: [Synth 8-7129] Port INJECTSBITERR in module blk_mem_gen_prim_wrapper_init__parameterized254 is either unconnected or has no load
WARNING: [Synth 8-7129] Port INJECTDBITERR in module blk_mem_gen_prim_wrapper_init__parameterized254 is either unconnected or has no load
WARNING: [Synth 8-7129] Port ECCPIPECE in module blk_mem_gen_prim_wrapper_init__parameterized254 is either unconnected or has no load
WARNING: [Synth 8-7129] Port ram_rstram_b in module blk_mem_gen_prim_wrapper_init__parameterized254 is either unconnected or has no load
WARNING: [Synth 8-7129] Port ram_rstreg_b in module blk_mem_gen_prim_wrapper_init__parameterized254 is either unconnected or has no load
WARNING: [Synth 8-7129] Port DOUTB[8] in module blk_mem_gen_prim_wrapper_init__parameterized253 is either unconnected or has no load
WARNING: [Synth 8-7129] Port DOUTB[7] in module blk_mem_gen_prim_wrapper_init__parameterized253 is either unconnected or has no load
WARNING: [Synth 8-7129] Port DOUTB[6] in module blk_mem_gen_prim_wrapper_init__parameterized253 is either unconnected or has no load
INFO: [Common 17-14] Message 'Synth 8-7129' appears 100 times and further instances of the messages will be disabled. Use the Tcl command set_msg_config to change the current settings.
---------------------------------------------------------------------------------
Finished RTL Elaboration : Time (s): cpu = 00:01:31 ; elapsed = 00:02:27 . Memory (MB): peak = 2731.117 ; gain = 1816.234
---------------------------------------------------------------------------------
---------------------------------------------------------------------------------
Start Handling Custom Attributes
---------------------------------------------------------------------------------
---------------------------------------------------------------------------------
Finished Handling Custom Attributes : Time (s): cpu = 00:01:31 ; elapsed = 00:02:27 . Memory (MB): peak = 2731.117 ; gain = 1816.234
---------------------------------------------------------------------------------
---------------------------------------------------------------------------------
Finished RTL Optimization Phase 1 : Time (s): cpu = 00:01:31 ; elapsed = 00:02:27 . Memory (MB): peak = 2731.117 ; gain = 1816.234
---------------------------------------------------------------------------------
Netlist sorting complete. Time (s): cpu = 00:00:00 ; elapsed = 00:00:00.198 . Memory (MB): peak = 2731.117 ; gain = 0.000
INFO: [Netlist 29-17] Analyzing 256 Unisim elements for replacement
INFO: [Netlist 29-28] Unisim Transformation completed in 0 CPU seconds
INFO: [Project 1-570] Preparing netlist for logic optimization

Processing XDC Constraints
Initializing timing engine
Parsing XDC File [d:/VScode/course/ca-lab/prj3/exp10/mycpu_env/soc_verify/soc_bram/rtl/xilinx_ip/inst_ram/inst_ram_ooc.xdc] for cell 'U0'
Finished Parsing XDC File [d:/VScode/course/ca-lab/prj3/exp10/mycpu_env/soc_verify/soc_bram/rtl/xilinx_ip/inst_ram/inst_ram_ooc.xdc] for cell 'U0'
Parsing XDC File [D:/VScode/course/ca-lab/prj3/exp10/mycpu_env/soc_verify/soc_bram/run_vivado/project/loongson.runs/inst_ram_synth_1/dont_touch.xdc]
Finished Parsing XDC File [D:/VScode/course/ca-lab/prj3/exp10/mycpu_env/soc_verify/soc_bram/run_vivado/project/loongson.runs/inst_ram_synth_1/dont_touch.xdc]
Completed Processing XDC Constraints

Netlist sorting complete. Time (s): cpu = 00:00:00 ; elapsed = 00:00:00.003 . Memory (MB): peak = 2731.117 ; gain = 0.000
INFO: [Project 1-111] Unisim Transformation Summary:
No Unisim elements were transformed.

Constraint Validation Runtime : Time (s): cpu = 00:00:01 ; elapsed = 00:00:00.263 . Memory (MB): peak = 2731.117 ; gain = 0.000
INFO: [Designutils 20-5008] Incremental synthesis strategy off
---------------------------------------------------------------------------------
Finished Constraint Validation : Time (s): cpu = 00:01:39 ; elapsed = 00:02:39 . Memory (MB): peak = 2731.117 ; gain = 1816.234
---------------------------------------------------------------------------------
---------------------------------------------------------------------------------
Start Loading Part and Timing Information
---------------------------------------------------------------------------------
Loading part: xc7a200tfbg676-1
---------------------------------------------------------------------------------
Finished Loading Part and Timing Information : Time (s): cpu = 00:01:39 ; elapsed = 00:02:39 . Memory (MB): peak = 2731.117 ; gain = 1816.234
---------------------------------------------------------------------------------
---------------------------------------------------------------------------------
Start Applying 'set_property' XDC Constraints
---------------------------------------------------------------------------------
Applied set_property KEEP_HIERARCHY = SOFT for U0. (constraint file  D:/VScode/course/ca-lab/prj3/exp10/mycpu_env/soc_verify/soc_bram/run_vivado/project/loongson.runs/inst_ram_synth_1/dont_touch.xdc, line 9).
---------------------------------------------------------------------------------
Finished applying 'set_property' XDC Constraints : Time (s): cpu = 00:01:39 ; elapsed = 00:02:39 . Memory (MB): peak = 2731.117 ; gain = 1816.234
---------------------------------------------------------------------------------
---------------------------------------------------------------------------------
Finished RTL Optimization Phase 2 : Time (s): cpu = 00:01:41 ; elapsed = 00:02:42 . Memory (MB): peak = 2731.117 ; gain = 1816.234
---------------------------------------------------------------------------------
---------------------------------------------------------------------------------
Start RTL Component Statistics 
---------------------------------------------------------------------------------
Detailed RTL Component Info : 
+---Registers : 
	                7 Bit    Registers := 2     
+---Muxes : 
	   2 Input    1 Bit        Muxes := 256   
---------------------------------------------------------------------------------
Finished RTL Component Statistics 
---------------------------------------------------------------------------------
---------------------------------------------------------------------------------
Start Part Resource Summary
---------------------------------------------------------------------------------
Part Resources:
DSPs: 740 (col length:100)
BRAMs: 730 (col length: RAMB18 100 RAMB36 50)
---------------------------------------------------------------------------------
Finished Part Resource Summary
---------------------------------------------------------------------------------
---------------------------------------------------------------------------------
Start Cross Boundary and Area Optimization
---------------------------------------------------------------------------------
WARNING: [Synth 8-7080] Parallel synthesis criteria is not met
---------------------------------------------------------------------------------
Finished Cross Boundary and Area Optimization : Time (s): cpu = 00:01:45 ; elapsed = 00:02:48 . Memory (MB): peak = 2731.117 ; gain = 1816.234
---------------------------------------------------------------------------------
---------------------------------------------------------------------------------
Start Applying XDC Timing Constraints
---------------------------------------------------------------------------------
---------------------------------------------------------------------------------
Finished Applying XDC Timing Constraints : Time (s): cpu = 00:01:49 ; elapsed = 00:02:55 . Memory (MB): peak = 2731.117 ; gain = 1816.234
---------------------------------------------------------------------------------
---------------------------------------------------------------------------------
Start Timing Optimization
---------------------------------------------------------------------------------
---------------------------------------------------------------------------------
Finished Timing Optimization : Time (s): cpu = 00:01:49 ; elapsed = 00:02:55 . Memory (MB): peak = 2731.117 ; gain = 1816.234
---------------------------------------------------------------------------------
---------------------------------------------------------------------------------
Start Technology Mapping
---------------------------------------------------------------------------------
---------------------------------------------------------------------------------
Finished Technology Mapping : Time (s): cpu = 00:01:50 ; elapsed = 00:02:56 . Memory (MB): peak = 2731.117 ; gain = 1816.234
---------------------------------------------------------------------------------
---------------------------------------------------------------------------------
Start IO Insertion
---------------------------------------------------------------------------------
---------------------------------------------------------------------------------
Start Flattening Before IO Insertion
---------------------------------------------------------------------------------
---------------------------------------------------------------------------------
Finished Flattening Before IO Insertion
---------------------------------------------------------------------------------
---------------------------------------------------------------------------------
Start Final Netlist Cleanup
---------------------------------------------------------------------------------
---------------------------------------------------------------------------------
Finished Final Netlist Cleanup
---------------------------------------------------------------------------------
---------------------------------------------------------------------------------
Finished IO Insertion : Time (s): cpu = 00:01:52 ; elapsed = 00:02:59 . Memory (MB): peak = 2731.117 ; gain = 1816.234
---------------------------------------------------------------------------------
---------------------------------------------------------------------------------
Start Renaming Generated Instances
---------------------------------------------------------------------------------
---------------------------------------------------------------------------------
Finished Renaming Generated Instances : Time (s): cpu = 00:01:52 ; elapsed = 00:02:59 . Memory (MB): peak = 2731.117 ; gain = 1816.234
---------------------------------------------------------------------------------
---------------------------------------------------------------------------------
Start Rebuilding User Hierarchy
---------------------------------------------------------------------------------
---------------------------------------------------------------------------------
Finished Rebuilding User Hierarchy : Time (s): cpu = 00:01:52 ; elapsed = 00:03:00 . Memory (MB): peak = 2731.117 ; gain = 1816.234
---------------------------------------------------------------------------------
---------------------------------------------------------------------------------
Start Renaming Generated Ports
---------------------------------------------------------------------------------
---------------------------------------------------------------------------------
Finished Renaming Generated Ports : Time (s): cpu = 00:01:52 ; elapsed = 00:03:00 . Memory (MB): peak = 2731.117 ; gain = 1816.234
---------------------------------------------------------------------------------
---------------------------------------------------------------------------------
Start Handling Custom Attributes
---------------------------------------------------------------------------------
---------------------------------------------------------------------------------
Finished Handling Custom Attributes : Time (s): cpu = 00:01:53 ; elapsed = 00:03:00 . Memory (MB): peak = 2731.117 ; gain = 1816.234
---------------------------------------------------------------------------------
---------------------------------------------------------------------------------
Start Renaming Generated Nets
---------------------------------------------------------------------------------
---------------------------------------------------------------------------------
Finished Renaming Generated Nets : Time (s): cpu = 00:01:53 ; elapsed = 00:03:00 . Memory (MB): peak = 2731.117 ; gain = 1816.234
---------------------------------------------------------------------------------
---------------------------------------------------------------------------------
Start Writing Synthesis Report
---------------------------------------------------------------------------------

Report BlackBoxes: 
+-+--------------+----------+
| |BlackBox name |Instances |
+-+--------------+----------+
+-+--------------+----------+

Report Cell Usage: 
+------+---------+------+
|      |Cell     |Count |
+------+---------+------+
|1     |LUT3     |     4|
|2     |LUT5     |    64|
|3     |LUT6     |   544|
|4     |MUXF7    |   256|
|5     |MUXF8    |   128|
|6     |RAMB36E1 |   256|
|107   |FDRE     |    13|
+------+---------+------+
---------------------------------------------------------------------------------
Finished Writing Synthesis Report : Time (s): cpu = 00:01:53 ; elapsed = 00:03:00 . Memory (MB): peak = 2731.117 ; gain = 1816.234
---------------------------------------------------------------------------------
Synthesis finished with 0 errors, 0 critical warnings and 264 warnings.
Synthesis Optimization Runtime : Time (s): cpu = 00:00:18 ; elapsed = 00:02:54 . Memory (MB): peak = 2731.117 ; gain = 1816.234
Synthesis Optimization Complete : Time (s): cpu = 00:01:53 ; elapsed = 00:03:00 . Memory (MB): peak = 2731.117 ; gain = 1816.234
INFO: [Project 1-571] Translating synthesized netlist
Netlist sorting complete. Time (s): cpu = 00:00:01 ; elapsed = 00:00:00.078 . Memory (MB): peak = 2731.117 ; gain = 0.000
INFO: [Netlist 29-17] Analyzing 640 Unisim elements for replacement
INFO: [Netlist 29-28] Unisim Transformation completed in 0 CPU seconds
INFO: [Project 1-570] Preparing netlist for logic optimization
INFO: [Opt 31-138] Pushed 0 inverter(s) to 0 load pin(s).
Netlist sorting complete. Time (s): cpu = 00:00:00 ; elapsed = 00:00:00.003 . Memory (MB): peak = 2731.117 ; gain = 0.000
INFO: [Project 1-111] Unisim Transformation Summary:
No Unisim elements were transformed.

Synth Design complete | Checksum: 5d227f15
INFO: [Common 17-83] Releasing license: Synthesis
22 Infos, 101 Warnings, 0 Critical Warnings and 0 Errors encountered.
synth_design completed successfully
synth_design: Time (s): cpu = 00:01:58 ; elapsed = 00:03:07 . Memory (MB): peak = 2731.117 ; gain = 2253.168
INFO: [Common 17-1381] The checkpoint 'D:/VScode/course/ca-lab/prj3/exp10/mycpu_env/soc_verify/soc_bram/run_vivado/project/loongson.runs/inst_ram_synth_1/inst_ram.dcp' has been generated.
INFO: [Coretcl 2-1648] Added synthesis output to IP cache for IP inst_ram, cache-ID = 0f4caafd4df57677
INFO: [Coretcl 2-1174] Renamed 517 cell refs.
INFO: [Common 17-1381] The checkpoint 'D:/VScode/course/ca-lab/prj3/exp10/mycpu_env/soc_verify/soc_bram/run_vivado/project/loongson.runs/inst_ram_synth_1/inst_ram.dcp' has been generated.
INFO: [runtcl-4] Executing : report_utilization -file inst_ram_utilization_synth.rpt -pb inst_ram_utilization_synth.pb
INFO: [Common 17-206] Exiting Vivado at Sat Sep 28 00:39:17 2024...
