Time resolution is 1 ps
==============================================================
Test begin!
        [  22000 ns] Test is running, debug_wb_pc = 0x1bfffffc
        [  32000 ns] Test is running, debug_wb_pc = 0x1bfffffc
        [  42000 ns] Test is running, debug_wb_pc = 0x1bfffffc
        [  52000 ns] Test is running, debug_wb_pc = 0x1bfffffc
        [  62000 ns] Test is running, debug_wb_pc = 0x1bfffffc
        [  72000 ns] Test is running, debug_wb_pc = 0x1bfffffc
        [  82000 ns] Test is running, debug_wb_pc = 0x1bfffffc
        [  92000 ns] Test is running, debug_wb_pc = 0x1bfffffc
        [ 102000 ns] Test is running, debug_wb_pc = 0x1bfffffc
        [ 112000 ns] Test is running, debug_wb_pc = 0x1bfffffc
        [ 122000 ns] Test is running, debug_wb_pc = 0x1bfffffc
        [ 132000 ns] Test is running, debug_wb_pc = 0x1bfffffc
        [ 142000 ns] Test is running, debug_wb_pc = 0x1bfffffc
        [ 152000 ns] Test is running, debug_wb_pc = 0x1bfffffc
        [ 162000 ns] Test is running, debug_wb_pc = 0x1bfffffc
        [ 172000 ns] Test is running, debug_wb_pc = 0x1bfffffc
        [ 182000 ns] Test is running, debug_wb_pc = 0x1bfffffc
        [ 192000 ns] Test is running, debug_wb_pc = 0x1bfffffc
        [ 202000 ns] Test is running, debug_wb_pc = 0x1bfffffc
        [ 212000 ns] Test is running, debug_wb_pc = 0x1bfffffc
        [ 222000 ns] Test is running, debug_wb_pc = 0x1bfffffc
        [ 232000 ns] Test is running, debug_wb_pc = 0x1bfffffc
        [ 242000 ns] Test is running, debug_wb_pc = 0x1bfffffc
        [ 252000 ns] Test is running, debug_wb_pc = 0x1bfffffc
        [ 262000 ns] Test is running, debug_wb_pc = 0x1bfffffc
        [ 272000 ns] Test is running, debug_wb_pc = 0x1bfffffc
        [ 282000 ns] Test is running, debug_wb_pc = 0x1bfffffc
        [ 292000 ns] Test is running, debug_wb_pc = 0x1bfffffc
        [ 302000 ns] Test is running, debug_wb_pc = 0x1bfffffc
        [ 312000 ns] Test is running, debug_wb_pc = 0x1bfffffc
        [ 322000 ns] Test is running, debug_wb_pc = 0x1bfffffc
        [ 332000 ns] Test is running, debug_wb_pc = 0x1bfffffc
        [ 342000 ns] Test is running, debug_wb_pc = 0x1bfffffc
        [ 352000 ns] Test is running, debug_wb_pc = 0x1bfffffc
        [ 362000 ns] Test is running, debug_wb_pc = 0x1bfffffc
        [ 372000 ns] Test is running, debug_wb_pc = 0x1bfffffc
        [ 382000 ns] Test is running, debug_wb_pc = 0x1bfffffc
        [ 392000 ns] Test is running, debug_wb_pc = 0x1bfffffc
        [ 402000 ns] Test is running, debug_wb_pc = 0x1bfffffc
        [ 412000 ns] Test is running, debug_wb_pc = 0x1bfffffc
        [ 422000 ns] Test is running, debug_wb_pc = 0x1bfffffc
        [ 432000 ns] Test is running, debug_wb_pc = 0x1bfffffc
        [ 442000 ns] Test is running, debug_wb_pc = 0x1bfffffc
        [ 452000 ns] Test is running, debug_wb_pc = 0x1bfffffc
        [ 462000 ns] Test is running, debug_wb_pc = 0x1bfffffc
        [ 472000 ns] Test is running, debug_wb_pc = 0x1bfffffc
        [ 482000 ns] Test is running, debug_wb_pc = 0x1bfffffc
        [ 492000 ns] Test is running, debug_wb_pc = 0x1bfffffc
        [ 502000 ns] Test is running, debug_wb_pc = 0x1bfffffc
        [ 512000 ns] Test is running, debug_wb_pc = 0x1bfffffc
        [ 522000 ns] Test is running, debug_wb_pc = 0x1bfffffc
        [ 532000 ns] Test is running, debug_wb_pc = 0x1bfffffc
        [ 542000 ns] Test is running, debug_wb_pc = 0x1bfffffc
        [ 552000 ns] Test is running, debug_wb_pc = 0x1bfffffc
        [ 562000 ns] Test is running, debug_wb_pc = 0x1bfffffc
        [ 572000 ns] Test is running, debug_wb_pc = 0x1bfffffc
        [ 582000 ns] Test is running, debug_wb_pc = 0x1bfffffc
        [ 592000 ns] Test is running, debug_wb_pc = 0x1bfffffc
        [ 602000 ns] Test is running, debug_wb_pc = 0x1bfffffc
        [ 612000 ns] Test is running, debug_wb_pc = 0x1bfffffc
        [ 622000 ns] Test is running, debug_wb_pc = 0x1bfffffc
        [ 632000 ns] Test is running, debug_wb_pc = 0x1bfffffc
        [ 642000 ns] Test is running, debug_wb_pc = 0x1bfffffc
        [ 652000 ns] Test is running, debug_wb_pc = 0x1bfffffc
        [ 662000 ns] Test is running, debug_wb_pc = 0x1bfffffc
        [ 672000 ns] Test is running, debug_wb_pc = 0x1bfffffc
        [ 682000 ns] Test is running, debug_wb_pc = 0x1bfffffc
        [ 692000 ns] Test is running, debug_wb_pc = 0x1bfffffc
        [ 702000 ns] Test is running, debug_wb_pc = 0x1bfffffc
        [ 712000 ns] Test is running, debug_wb_pc = 0x1bfffffc
        [ 722000 ns] Test is running, debug_wb_pc = 0x1bfffffc
        [ 732000 ns] Test is running, debug_wb_pc = 0x1bfffffc
        [ 742000 ns] Test is running, debug_wb_pc = 0x1bfffffc
        [ 752000 ns] Test is running, debug_wb_pc = 0x1bfffffc
        [ 762000 ns] Test is running, debug_wb_pc = 0x1bfffffc
        [ 772000 ns] Test is running, debug_wb_pc = 0x1bfffffc
        [ 782000 ns] Test is running, debug_wb_pc = 0x1bfffffc
        [ 792000 ns] Test is running, debug_wb_pc = 0x1bfffffc
        [ 802000 ns] Test is running, debug_wb_pc = 0x1bfffffc
        [ 812000 ns] Test is running, debug_wb_pc = 0x1bfffffc
        [ 822000 ns] Test is running, debug_wb_pc = 0x1bfffffc
        [ 832000 ns] Test is running, debug_wb_pc = 0x1bfffffc
        [ 842000 ns] Test is running, debug_wb_pc = 0x1bfffffc
        [ 852000 ns] Test is running, debug_wb_pc = 0x1bfffffc
        [ 862000 ns] Test is running, debug_wb_pc = 0x1bfffffc
        [ 872000 ns] Test is running, debug_wb_pc = 0x1bfffffc
        [ 882000 ns] Test is running, debug_wb_pc = 0x1bfffffc
        [ 892000 ns] Test is running, debug_wb_pc = 0x1bfffffc
        [ 902000 ns] Test is running, debug_wb_pc = 0x1bfffffc
        [ 912000 ns] Test is running, debug_wb_pc = 0x1bfffffc
        [ 922000 ns] Test is running, debug_wb_pc = 0x1bfffffc
        [ 932000 ns] Test is running, debug_wb_pc = 0x1bfffffc
        [ 942000 ns] Test is running, debug_wb_pc = 0x1bfffffc
        [ 952000 ns] Test is running, debug_wb_pc = 0x1bfffffc
        [ 962000 ns] Test is running, debug_wb_pc = 0x1bfffffc
        [ 972000 ns] Test is running, debug_wb_pc = 0x1bfffffc
        [ 982000 ns] Test is running, debug_wb_pc = 0x1bfffffc
        [ 992000 ns] Test is running, debug_wb_pc = 0x1bfffffc
        [1002000 ns] Test is running, debug_wb_pc = 0x1bfffffc
        [1012000 ns] Test is running, debug_wb_pc = 0x1bfffffc
        [1022000 ns] Test is running, debug_wb_pc = 0x1bfffffc
        [1032000 ns] Test is running, debug_wb_pc = 0x1bfffffc
        [1042000 ns] Test is running, debug_wb_pc = 0x1bfffffc
        [1052000 ns] Test is running, debug_wb_pc = 0x1bfffffc
        [1062000 ns] Test is running, debug_wb_pc = 0x1bfffffc
        [1072000 ns] Test is running, debug_wb_pc = 0x1bfffffc
        [1082000 ns] Test is running, debug_wb_pc = 0x1bfffffc
        [1092000 ns] Test is running, debug_wb_pc = 0x1bfffffc
        [1102000 ns] Test is running, debug_wb_pc = 0x1bfffffc
        [1112000 ns] Test is running, debug_wb_pc = 0x1bfffffc
        [1122000 ns] Test is running, debug_wb_pc = 0x1bfffffc
        [1132000 ns] Test is running, debug_wb_pc = 0x1bfffffc
        [1142000 ns] Test is running, debug_wb_pc = 0x1bfffffc
        [1152000 ns] Test is running, debug_wb_pc = 0x1bfffffc
        [1162000 ns] Test is running, debug_wb_pc = 0x1bfffffc
        [1172000 ns] Test is running, debug_wb_pc = 0x1bfffffc
        [1182000 ns] Test is running, debug_wb_pc = 0x1bfffffc
        [1192000 ns] Test is running, debug_wb_pc = 0x1bfffffc
        [1202000 ns] Test is running, debug_wb_pc = 0x1bfffffc
        [1212000 ns] Test is running, debug_wb_pc = 0x1bfffffc
        [1222000 ns] Test is running, debug_wb_pc = 0x1bfffffc
        [1232000 ns] Test is running, debug_wb_pc = 0x1bfffffc
        [1242000 ns] Test is running, debug_wb_pc = 0x1bfffffc
        [1252000 ns] Test is running, debug_wb_pc = 0x1bfffffc
        [1262000 ns] Test is running, debug_wb_pc = 0x1bfffffc
        [1272000 ns] Test is running, debug_wb_pc = 0x1bfffffc
        [1282000 ns] Test is running, debug_wb_pc = 0x1bfffffc
        [1292000 ns] Test is running, debug_wb_pc = 0x1bfffffc
        [1302000 ns] Test is running, debug_wb_pc = 0x1bfffffc
        [1312000 ns] Test is running, debug_wb_pc = 0x1bfffffc
        [1322000 ns] Test is running, debug_wb_pc = 0x1bfffffc
        [1332000 ns] Test is running, debug_wb_pc = 0x1bfffffc
        [1342000 ns] Test is running, debug_wb_pc = 0x1bfffffc
        [1352000 ns] Test is running, debug_wb_pc = 0x1bfffffc
        [1362000 ns] Test is running, debug_wb_pc = 0x1bfffffc
        [1372000 ns] Test is running, debug_wb_pc = 0x1bfffffc
        [1382000 ns] Test is running, debug_wb_pc = 0x1bfffffc
        [1392000 ns] Test is running, debug_wb_pc = 0x1bfffffc
        [1402000 ns] Test is running, debug_wb_pc = 0x1bfffffc
        [1412000 ns] Test is running, debug_wb_pc = 0x1bfffffc
        [1422000 ns] Test is running, debug_wb_pc = 0x1bfffffc
        [1432000 ns] Test is running, debug_wb_pc = 0x1bfffffc
        [1442000 ns] Test is running, debug_wb_pc = 0x1bfffffc
        [1452000 ns] Test is running, debug_wb_pc = 0x1bfffffc
        [1462000 ns] Test is running, debug_wb_pc = 0x1bfffffc
        [1472000 ns] Test is running, debug_wb_pc = 0x1bfffffc
        [1482000 ns] Test is running, debug_wb_pc = 0x1bfffffc
        [1492000 ns] Test is running, debug_wb_pc = 0x1bfffffc
        [1502000 ns] Test is running, debug_wb_pc = 0x1bfffffc
        [1512000 ns] Test is running, debug_wb_pc = 0x1bfffffc
        [1522000 ns] Test is running, debug_wb_pc = 0x1bfffffc
        [1532000 ns] Test is running, debug_wb_pc = 0x1bfffffc
        [1542000 ns] Test is running, debug_wb_pc = 0x1bfffffc
        [1552000 ns] Test is running, debug_wb_pc = 0x1bfffffc
        [1562000 ns] Test is running, debug_wb_pc = 0x1bfffffc
        [1572000 ns] Test is running, debug_wb_pc = 0x1bfffffc
        [1582000 ns] Test is running, debug_wb_pc = 0x1bfffffc
        [1592000 ns] Test is running, debug_wb_pc = 0x1bfffffc
        [1602000 ns] Test is running, debug_wb_pc = 0x1bfffffc
        [1612000 ns] Test is running, debug_wb_pc = 0x1bfffffc
        [1622000 ns] Test is running, debug_wb_pc = 0x1bfffffc
        [1632000 ns] Test is running, debug_wb_pc = 0x1bfffffc
        [1642000 ns] Test is running, debug_wb_pc = 0x1bfffffc
        [1652000 ns] Test is running, debug_wb_pc = 0x1bfffffc
        [1662000 ns] Test is running, debug_wb_pc = 0x1bfffffc
        [1672000 ns] Test is running, debug_wb_pc = 0x1bfffffc
        [1682000 ns] Test is running, debug_wb_pc = 0x1bfffffc
        [1692000 ns] Test is running, debug_wb_pc = 0x1bfffffc
        [1702000 ns] Test is running, debug_wb_pc = 0x1bfffffc
        [1712000 ns] Test is running, debug_wb_pc = 0x1bfffffc
        [1722000 ns] Test is running, debug_wb_pc = 0x1bfffffc
        [1732000 ns] Test is running, debug_wb_pc = 0x1bfffffc
        [1742000 ns] Test is running, debug_wb_pc = 0x1bfffffc
        [1752000 ns] Test is running, debug_wb_pc = 0x1bfffffc
        [1762000 ns] Test is running, debug_wb_pc = 0x1bfffffc
        [1772000 ns] Test is running, debug_wb_pc = 0x1bfffffc
        [1782000 ns] Test is running, debug_wb_pc = 0x1bfffffc
        [1792000 ns] Test is running, debug_wb_pc = 0x1bfffffc
        [1802000 ns] Test is running, debug_wb_pc = 0x1bfffffc
        [1812000 ns] Test is running, debug_wb_pc = 0x1bfffffc
        [1822000 ns] Test is running, debug_wb_pc = 0x1bfffffc
        [1832000 ns] Test is running, debug_wb_pc = 0x1bfffffc
        [1842000 ns] Test is running, debug_wb_pc = 0x1bfffffc
        [1852000 ns] Test is running, debug_wb_pc = 0x1bfffffc
        [1862000 ns] Test is running, debug_wb_pc = 0x1bfffffc
        [1872000 ns] Test is running, debug_wb_pc = 0x1bfffffc
        [1882000 ns] Test is running, debug_wb_pc = 0x1bfffffc
        [1892000 ns] Test is running, debug_wb_pc = 0x1bfffffc
        [1902000 ns] Test is running, debug_wb_pc = 0x1bfffffc
        [1912000 ns] Test is running, debug_wb_pc = 0x1bfffffc
        [1922000 ns] Test is running, debug_wb_pc = 0x1bfffffc
        [1932000 ns] Test is running, debug_wb_pc = 0x1bfffffc
        [1942000 ns] Test is running, debug_wb_pc = 0x1bfffffc
        [1952000 ns] Test is r