
*** Running vivado
    with args -log div_gen_signed.vds -m64 -product Vivado -mode batch -messageDb vivado.pb -notrace -source div_gen_signed.tcl


ECHO 处于关闭状态。
ECHO 处于关闭状态。

****** Vivado v2023.1 (64-bit)
  **** SW Build 3865809 on Sun May  7 15:05:29 MDT 2023
  **** IP Build 3864474 on Sun May  7 20:36:21 MDT 2023
  **** SharedData Build 3865790 on Sun May 07 13:33:03 MDT 2023
    ** Copyright 1986-2022 Xilinx, Inc. All Rights Reserved.
    ** Copyright 2022-2023 Advanced Micro Devices, Inc. All Rights Reserved.

source div_gen_signed.tcl -notrace
create_project: Time (s): cpu = 00:00:04 ; elapsed = 00:00:06 . Memory (MB): peak = 443.422 ; gain = 162.594
INFO: [IP_Flow 19-6924] IPCACHE: Running cache check for IP inst: div_gen_signed
Command: synth_design -top div_gen_signed -part xc7a200tfbg676-1 -incremental_mode off -mode out_of_context
Starting synth_design
Attempting to get a license for feature 'Synthesis' and/or device 'xc7a200t'
INFO: [Common 17-349] Got license for feature 'Synthesis' and/or device 'xc7a200t'
INFO: [Device 21-403] Loading part xc7a200tfbg676-1
INFO: [Synth 8-7079] Multithreading enabled for synth_design using a maximum of 2 processes.
INFO: [Synth 8-7078] Launching helper process for spawning children vivado processes
INFO: [Synth 8-7075] Helper process launched with PID 26476
---------------------------------------------------------------------------------
Starting RTL Elaboration : Time (s): cpu = 00:00:07 ; elapsed = 00:00:09 . Memory (MB): peak = 1323.367 ; gain = 411.543
---------------------------------------------------------------------------------
INFO: [Synth 8-638] synthesizing module 'div_gen_signed' [d:/VScode/course/ca-lab/prj3/exp10/mycpu_env/soc_verify/soc_bram/rtl/xilinx_ip/div_gen_signed/synth/div_gen_signed.vhd:73]
	Parameter C_XDEVICEFAMILY bound to: artix7 - type: string 
	Parameter C_HAS_ARESETN bound to: 0 - type: integer 
	Parameter C_HAS_ACLKEN bound to: 0 - type: integer 
	Parameter C_LATENCY bound to: 37 - type: integer 
	Parameter ALGORITHM_TYPE bound to: 1 - type: integer 
	Parameter DIVISOR_WIDTH bound to: 32 - type: integer 
	Parameter DIVIDEND_WIDTH bound to: 32 - type: integer 
	Parameter SIGNED_B bound to: 1 - type: integer 
	Parameter DIVCLK_SEL bound to: 8 - type: integer 
	Parameter FRACTIONAL_B bound to: 0 - type: integer 
	Parameter FRACTIONAL_WIDTH bound to: 32 - type: integer 
	Parameter C_HAS_DIV_BY_ZERO bound to: 0 - type: integer 
	Parameter C_THROTTLE_SCHEME bound to: 3 - type: integer 
	Parameter C_TLAST_RESOLUTION bound to: 0 - type: integer 
	Parameter C_HAS_S_AXIS_DIVISOR_TUSER bound to: 0 - type: integer 
	Parameter C_HAS_S_AXIS_DIVISOR_TLAST bound to: 0 - type: integer 
	Parameter C_S_AXIS_DIVISOR_TDATA_WIDTH bound to: 32 - type: integer 
	Parameter C_S_AXIS_DIVISOR_TUSER_WIDTH bound to: 1 - type: integer 
	Parameter C_HAS_S_AXIS_DIVIDEND_TUSER bound to: 0 - type: integer 
	Parameter C_HAS_S_AXIS_DIVIDEND_TLAST bound to: 0 - type: integer 
	Parameter C_S_AXIS_DIVIDEND_TDATA_WIDTH bound to: 32 - type: integer 
	Parameter C_S_AXIS_DIVIDEND_TUSER_WIDTH bound to: 1 - type: integer 
	Parameter C_M_AXIS_DOUT_TDATA_WIDTH bound to: 64 - type: integer 
	Parameter C_M_AXIS_DOUT_TUSER_WIDTH bound to: 1 - type: integer 
INFO: [Synth 8-3491] module 'div_gen_v5_1_19' declared at 'd:/VScode/course/ca-lab/prj3/exp10/mycpu_env/soc_verify/soc_bram/rtl/xilinx_ip/div_gen_signed/hdl/div_gen_v5_1_vh_rfs.vhd:13859' bound to instance 'U0' of component 'div_gen_v5_1_19' [d:/VScode/course/ca-lab/prj3/exp10/mycpu_env/soc_verify/soc_bram/rtl/xilinx_ip/div_gen_signed/synth/div_gen_signed.vhd:147]
INFO: [Synth 8-256] done synthesizing module 'div_gen_signed' (0#1) [d:/VScode/course/ca-lab/prj3/exp10/mycpu_env/soc_verify/soc_bram/rtl/xilinx_ip/div_gen_signed/synth/div_gen_signed.vhd:73]
WARNING: [Synth 8-7129] Port ce in module c_twos_comp_viv__parameterized1 is either unconnected or has no load
WARNING: [Synth 8-7129] Port aclr in module c_twos_comp_viv__parameterized1 is either unconnected or has no load
WARNING: [Synth 8-7129] Port aset in module c_twos_comp_viv__parameterized1 is either unconnected or has no load
WARNING: [Synth 8-7129] Port ainit in module c_twos_comp_viv__parameterized1 is either unconnected or has no load
WARNING: [Synth 8-7129] Port sclr in module c_twos_comp_viv__parameterized1 is either unconnected or has no load
WARNING: [Synth 8-7129] Port sset in module c_twos_comp_viv__parameterized1 is either unconnected or has no load
WARNING: [Synth 8-7129] Port sinit in module c_twos_comp_viv__parameterized1 is either unconnected or has no load
WARNING: [Synth 8-7129] Port CE in module xbip_pipe_v3_0_6_viv__parameterized1 is either unconnected or has no load
WARNING: [Synth 8-7129] Port SCLR in module xbip_pipe_v3_0_6_viv__parameterized1 is either unconnected or has no load
WARNING: [Synth 8-7129] Port SSET in module xbip_pipe_v3_0_6_viv__parameterized1 is either unconnected or has no load
WARNING: [Synth 8-7129] Port SINIT in module xbip_pipe_v3_0_6_viv__parameterized1 is either unconnected or has no load
WARNING: [Synth 8-7129] Port CE in module xbip_pipe_v3_0_6_viv__parameterized36 is either unconnected or has no load
WARNING: [Synth 8-7129] Port SCLR in module xbip_pipe_v3_0_6_viv__parameterized36 is either unconnected or has no load
WARNING: [Synth 8-7129] Port SSET in module xbip_pipe_v3_0_6_viv__parameterized36 is either unconnected or has no load
WARNING: [Synth 8-7129] Port SINIT in module xbip_pipe_v3_0_6_viv__parameterized36 is either unconnected or has no load
WARNING: [Synth 8-7129] Port CE in module xbip_pipe_v3_0_6_viv__parameterized18 is either unconnected or has no load
WARNING: [Synth 8-7129] Port SCLR in module xbip_pipe_v3_0_6_viv__parameterized18 is either unconnected or has no load
WARNING: [Synth 8-7129] Port SSET in module xbip_pipe_v3_0_6_viv__parameterized18 is either unconnected or has no load
WARNING: [Synth 8-7129] Port SINIT in module xbip_pipe_v3_0_6_viv__parameterized18 is either unconnected or has no load
WARNING: [Synth 8-7129] Port c_out in module c_addsub_lut6__parameterized1 is either unconnected or has no load
WARNING: [Synth 8-7129] Port ce in module c_addsub_lut6__parameterized1 is either unconnected or has no load
WARNING: [Synth 8-7129] Port aclr in module c_addsub_lut6__parameterized1 is either unconnected or has no load
WARNING: [Synth 8-7129] Port aset in module c_addsub_lut6__parameterized1 is either unconnected or has no load
WARNING: [Synth 8-7129] Port ainit in module c_addsub_lut6__parameterized1 is either unconnected or has no load
WARNING: [Synth 8-7129] Port sclr in module c_addsub_lut6__parameterized1 is either unconnected or has no load
WARNING: [Synth 8-7129] Port sset in module c_addsub_lut6__parameterized1 is either unconnected or has no load
WARNING: [Synth 8-7129] Port sinit in module c_addsub_lut6__parameterized1 is either unconnected or has no load
WARNING: [Synth 8-7129] Port b_in in module c_addsub_viv__parameterized0 is either unconnected or has no load
WARNING: [Synth 8-7129] Port a_signed in module c_addsub_viv__parameterized0 is either unconnected or has no load
WARNING: [Synth 8-7129] Port b_signed in module c_addsub_viv__parameterized0 is either unconnected or has no load
WARNING: [Synth 8-7129] Port SCLR in module xbip_pipe_v3_0_6_viv__parameterized13 is either unconnected or has no load
WARNING: [Synth 8-7129] Port SSET in module xbip_pipe_v3_0_6_viv__parameterized13 is either unconnected or has no load
WARNING: [Synth 8-7129] Port SINIT in module xbip_pipe_v3_0_6_viv__parameterized13 is either unconnected or has no load
WARNING: [Synth 8-7129] Port SCLR in module xbip_pipe_v3_0_6_viv__parameterized34 is either unconnected or has no load
WARNING: [Synth 8-7129] Port SSET in module xbip_pipe_v3_0_6_viv__parameterized34 is either unconnected or has no load
WARNING: [Synth 8-7129] Port SINIT in module xbip_pipe_v3_0_6_viv__parameterized34 is either unconnected or has no load
WARNING: [Synth 8-7129] Port SCLR in module xbip_pipe_v3_0_6_viv__parameterized7 is either unconnected or has no load
WARNING: [Synth 8-7129] Port SSET in module xbip_pipe_v3_0_6_viv__parameterized7 is either unconnected or has no load
WARNING: [Synth 8-7129] Port SINIT in module xbip_pipe_v3_0_6_viv__parameterized7 is either unconnected or has no load
WARNING: [Synth 8-7129] Port CE in module xbip_pipe_v3_0_6_viv__parameterized20 is either unconnected or has no load
WARNING: [Synth 8-7129] Port SCLR in module xbip_pipe_v3_0_6_viv__parameterized20 is either unconnected or has no load
WARNING: [Synth 8-7129] Port SSET in module xbip_pipe_v3_0_6_viv__parameterized20 is either unconnected or has no load
WARNING: [Synth 8-7129] Port SINIT in module xbip_pipe_v3_0_6_viv__parameterized20 is either unconnected or has no load
WARNING: [Synth 8-7129] Port SCLR in module xbip_pipe_v3_0_6_viv__parameterized32 is either unconnected or has no load
WARNING: [Synth 8-7129] Port SSET in module xbip_pipe_v3_0_6_viv__parameterized32 is either unconnected or has no load
WARNING: [Synth 8-7129] Port SINIT in module xbip_pipe_v3_0_6_viv__parameterized32 is either unconnected or has no load
WARNING: [Synth 8-7129] Port ce in module c_addsub_lut6 is either unconnected or has no load
WARNING: [Synth 8-7129] Port bypass in module c_addsub_lut6 is either unconnected or has no load
WARNING: [Synth 8-7129] Port aclr in module c_addsub_lut6 is either unconnected or has no load
WARNING: [Synth 8-7129] Port aset in module c_addsub_lut6 is either unconnected or has no load
WARNING: [Synth 8-7129] Port ainit in module c_addsub_lut6 is either unconnected or has no load
WARNING: [Synth 8-7129] Port sclr in module c_addsub_lut6 is either unconnected or has no load
WARNING: [Synth 8-7129] Port sset in module c_addsub_lut6 is either unconnected or has no load
WARNING: [Synth 8-7129] Port sinit in module c_addsub_lut6 is either unconnected or has no load
WARNING: [Synth 8-7129] Port b_in in module c_addsub_viv is either unconnected or has no load
WARNING: [Synth 8-7129] Port a_signed in module c_addsub_viv is either unconnected or has no load
WARNING: [Synth 8-7129] Port b_signed in module c_addsub_viv is either unconnected or has no load
WARNING: [Synth 8-7129] Port CE in module xbip_pipe_v3_0_6_viv__parameterized15 is either unconnected or has no load
WARNING: [Synth 8-7129] Port SCLR in module xbip_pipe_v3_0_6_viv__parameterized15 is either unconnected or has no load
WARNING: [Synth 8-7129] Port SSET in module xbip_pipe_v3_0_6_viv__parameterized15 is either unconnected or has no load
WARNING: [Synth 8-7129] Port SINIT in module xbip_pipe_v3_0_6_viv__parameterized15 is either unconnected or has no load
WARNING: [Synth 8-7129] Port SCLR in module xbip_pipe_v3_0_6_viv__parameterized30 is either unconnected or has no load
WARNING: [Synth 8-7129] Port SSET in module xbip_pipe_v3_0_6_viv__parameterized30 is either unconnected or has no load
WARNING: [Synth 8-7129] Port SINIT in module xbip_pipe_v3_0_6_viv__parameterized30 is either unconnected or has no load
WARNING: [Synth 8-7129] Port SCLR in module xbip_pipe_v3_0_6_viv__parameterized28 is either unconnected or has no load
WARNING: [Synth 8-7129] Port SSET in module xbip_pipe_v3_0_6_viv__parameterized28 is either unconnected or has no load
WARNING: [Synth 8-7129] Port SINIT in module xbip_pipe_v3_0_6_viv__parameterized28 is either unconnected or has no load
WARNING: [Synth 8-7129] Port SCLR in module xbip_pipe_v3_0_6_viv__parameterized26 is either unconnected or has no load
WARNING: [Synth 8-7129] Port SSET in module xbip_pipe_v3_0_6_viv__parameterized26 is either unconnected or has no load
WARNING: [Synth 8-7129] Port SINIT in module xbip_pipe_v3_0_6_viv__parameterized26 is either unconnected or has no load
WARNING: [Synth 8-7129] Port SCLR in module xbip_pipe_v3_0_6_viv__parameterized24 is either unconnected or has no load
WARNING: [Synth 8-7129] Port SSET in module xbip_pipe_v3_0_6_viv__parameterized24 is either unconnected or has no load
WARNING: [Synth 8-7129] Port SINIT in module xbip_pipe_v3_0_6_viv__parameterized24 is either unconnected or has no load
WARNING: [Synth 8-7129] Port SCLR in module xbip_pipe_v3_0_6_viv__parameterized22 is either unconnected or has no load
WARNING: [Synth 8-7129] Port SSET in module xbip_pipe_v3_0_6_viv__parameterized22 is either unconnected or has no load
WARNING: [Synth 8-7129] Port SINIT in module xbip_pipe_v3_0_6_viv__parameterized22 is either unconnected or has no load
WARNING: [Synth 8-7129] Port SCLR in module xbip_pipe_v3_0_6_viv__parameterized11 is either unconnected or has no load
WARNING: [Synth 8-7129] Port SSET in module xbip_pipe_v3_0_6_viv__parameterized11 is either unconnected or has no load
WARNING: [Synth 8-7129] Port SINIT in module xbip_pipe_v3_0_6_viv__parameterized11 is either unconnected or has no load
WARNING: [Synth 8-7129] Port CE in module xbip_pipe_v3_0_6_viv__parameterized9 is either unconnected or has no load
WARNING: [Synth 8-7129] Port SCLR in module xbip_pipe_v3_0_6_viv__parameterized9 is either unconnected or has no load
WARNING: [Synth 8-7129] Port SSET in module xbip_pipe_v3_0_6_viv__parameterized9 is either unconnected or has no load
WARNING: [Synth 8-7129] Port SINIT in module xbip_pipe_v3_0_6_viv__parameterized9 is either unconnected or has no load
WARNING: [Synth 8-7129] Port rdy in module dividervdc_v is either unconnected or has no load
WARNING: [Synth 8-7129] Port nd in module dividervdc_v is either unconnected or has no load
WARNING: [Synth 8-7129] Port aclr in module dividervdc_v is either unconnected or has no load
WARNING: [Synth 8-7129] Port CE in module xbip_pipe_v3_0_6_viv__parameterized5 is either unconnected or has no load
WARNING: [Synth 8-7129] Port SCLR in module xbip_pipe_v3_0_6_viv__parameterized5 is either unconnected or has no load
WARNING: [Synth 8-7129] Port SSET in module xbip_pipe_v3_0_6_viv__parameterized5 is either unconnected or has no load
WARNING: [Synth 8-7129] Port SINIT in module xbip_pipe_v3_0_6_viv__parameterized5 is either unconnected or has no load
WARNING: [Synth 8-7129] Port SCLR in module xbip_pipe_v3_0_6_viv__parameterized3 is either unconnected or has no load
WARNING: [Synth 8-7129] Port SSET in module xbip_pipe_v3_0_6_viv__parameterized3 is either unconnected or has no load
WARNING: [Synth 8-7129] Port SINIT in module xbip_pipe_v3_0_6_viv__parameterized3 is either unconnected or has no load
WARNING: [Synth 8-7129] Port ce in module c_twos_comp_viv__parameterized0 is either unconnected or has no load
WARNING: [Synth 8-7129] Port aclr in module c_twos_comp_viv__parameterized0 is either unconnected or has no load
WARNING: [Synth 8-7129] Port aset in module c_twos_comp_viv__parameterized0 is either unconnected or has no load
WARNING: [Synth 8-7129] Port ainit in module c_twos_comp_viv__parameterized0 is either unconnected or has no load
WARNING: [Synth 8-7129] Port sclr in module c_twos_comp_viv__parameterized0 is either unconnected or has no load
WARNING: [Synth 8-7129] Port sset in module c_twos_comp_viv__parameterized0 is either unconnected or has no load
WARNING: [Synth 8-7129] Port sinit in module c_twos_comp_viv__parameterized0 is either unconnected or has no load
INFO: [Common 17-14] Message 'Synth 8-7129' appears 100 times and further instances of the messages will be disabled. Use the Tcl command set_msg_config to change the current settings.
---------------------------------------------------------------------------------
Finished RTL Elaboration : Time (s): cpu = 00:00:11 ; elapsed = 00:00:15 . Memory (MB): peak = 1490.945 ; gain = 579.121
---------------------------------------------------------------------------------
---------------------------------------------------------------------------------
Start Handling Custom Attributes
---------------------------------------------------------------------------------
---------------------------------------------------------------------------------
Finished Handling Custom Attributes : Time (s): cpu = 00:00:11 ; elapsed = 00:00:15 . Memory (MB): peak = 1490.945 ; gain = 579.121
---------------------------------------------------------------------------------
---------------------------------------------------------------------------------
Finished RTL Optimization Phase 1 : Time (s): cpu = 00:00:11 ; elapsed = 00:00:15 . Memory (MB): peak = 1490.945 ; gain = 579.121
---------------------------------------------------------------------------------
Netlist sorting complete. Time (s): cpu = 00:00:00 ; elapsed = 00:00:00.032 . Memory (MB): peak = 1490.945 ; gain = 0.000
INFO: [Netlist 29-17] Analyzing 330 Unisim elements for replacement
INFO: [Netlist 29-28] Unisim Transformation completed in 0 CPU seconds
INFO: [Project 1-570] Preparing netlist for logic optimization

Processing XDC Constraints
Initializing timing engine
Parsing XDC File [d:/VScode/course/ca-lab/prj3/exp10/mycpu_env/soc_verify/soc_bram/rtl/xilinx_ip/div_gen_signed/div_gen_signed_ooc.xdc] for cell 'U0'
Finished Parsing XDC File [d:/VScode/course/ca-lab/prj3/exp10/mycpu_env/soc_verify/soc_bram/rtl/xilinx_ip/div_gen_signed/div_gen_signed_ooc.xdc] for cell 'U0'
Parsing XDC File [D:/VScode/course/ca-lab/prj3/exp10/mycpu_env/soc_verify/soc_bram/run_vivado/project/loongson.runs/div_gen_signed_synth_1/dont_touch.xdc]
Finished Parsing XDC File [D:/VScode/course/ca-lab/prj3/exp10/mycpu_env/soc_verify/soc_bram/run_vivado/project/loongson.runs/div_gen_signed_synth_1/dont_touch.xdc]
Completed Processing XDC Constraints

Netlist sorting complete. Time (s): cpu = 00:00:00 ; elapsed = 00:00:00.001 . Memory (MB): peak = 1552.699 ; gain = 0.000
INFO: [Project 1-111] Unisim Transformation Summary:
No Unisim elements were transformed.

Constraint Validation Runtime : Time (s): cpu = 00:00:00 ; elapsed = 00:00:00.042 . Memory (MB): peak = 1554.828 ; gain = 2.129
INFO: [Designutils 20-5008] Incremental synthesis strategy off
---------------------------------------------------------------------------------
Finished Constraint Validation : Time (s): cpu = 00:00:17 ; elapsed = 00:00:22 . Memory (MB): peak = 1554.828 ; gain = 643.004
---------------------------------------------------------------------------------
---------------------------------------------------------------------------------
Start Loading Part and Timing Information
---------------------------------------------------------------------------------
Loading part: xc7a200tfbg676-1
---------------------------------------------------------------------------------
Finished Loading Part and Timing Information : Time (s): cpu = 00:00:17 ; elapsed = 00:00:22 . Memory (MB): peak = 1554.828 ; gain = 643.004
---------------------------------------------------------------------------------
---------------------------------------------------------------------------------
Start Applying 'set_property' XDC Constraints
---------------------------------------------------------------------------------
Applied set_property KEEP_HIERARCHY = SOFT for U0. (constraint file  D:/VScode/course/ca-lab/prj3/exp10/mycpu_env/soc_verify/soc_bram/run_vivado/project/loongson.runs/div_gen_signed_synth_1/dont_touch.xdc, line 9).
---------------------------------------------------------------------------------
Finished applying 'set_property' XDC Constraints : Time (s): cpu = 00:00:17 ; elapsed = 00:00:22 . Memory (MB): peak = 1554.828 ; gain = 643.004
---------------------------------------------------------------------------------
---------------------------------------------------------------------------------
Finished RTL Optimization Phase 2 : Time (s): cpu = 00:00:17 ; elapsed = 00:00:22 . Memory (MB): peak = 1554.828 ; gain = 643.004
---------------------------------------------------------------------------------
---------------------------------------------------------------------------------
Start RTL Component Statistics 
---------------------------------------------------------------------------------
---------------------------------------------------------------------------------
Finished RTL Component Statistics 
---------------------------------------------------------------------------------
---------------------------------------------------------------------------------
Start Part Resource Summary
---------------------------------------------------------------------------------
Part Resources:
DSPs: 740 (col length:100)
BRAMs: 730 (col length: RAMB18 100 RAMB36 50)
---------------------------------------------------------------------------------
Finished Part Resource Summary
---------------------------------------------------------------------------------
---------------------------------------------------------------------------------
Start Cross Boundary and Area Optimization
---------------------------------------------------------------------------------
WARNING: [Synth 8-7080] Parallel synthesis criteria is not met
---------------------------------------------------------------------------------
Finished Cross Boundary and Area Optimization : Time (s): cpu = 00:00:19 ; elapsed = 00:00:24 . Memory (MB): peak = 1554.828 ; gain = 643.004
---------------------------------------------------------------------------------
---------------------------------------------------------------------------------
Start Applying XDC Timing Constraints
---------------------------------------------------------------------------------
---------------------------------------------------------------------------------
Finished Applying XDC Timing Constraints : Time (s): cpu = 00:00:23 ; elapsed = 00:00:29 . Memory (MB): peak = 1554.828 ; gain = 643.004
---------------------------------------------------------------------------------
---------------------------------------------------------------------------------
Start Timing Optimization
---------------------------------------------------------------------------------
---------------------------------------------------------------------------------
Finished Timing Optimization : Time (s): cpu = 00:00:23 ; elapsed = 00:00:29 . Memory (MB): peak = 1554.828 ; gain = 643.004
---------------------------------------------------------------------------------
---------------------------------------------------------------------------------
Start Technology Mapping
---------------------------------------------------------------------------------
---------------------------------------------------------------------------------
Finished Technology Mapping : Time (s): cpu = 00:00:23 ; elapsed = 00:00:30 . Memory (MB): peak = 1554.828 ; gain = 643.004
---------------------------------------------------------------------------------
---------------------------------------------------------------------------------
Start IO Insertion
---------------------------------------------------------------------------------
---------------------------------------------------------------------------------
Start Flattening Before IO Insertion
---------------------------------------------------------------------------------
---------------------------------------------------------------------------------
Finished Flattening Before IO Insertion
---------------------------------------------------------------------------------
---------------------------------------------------------------------------------
Start Final Netlist Cleanup
---------------------------------------------------------------------------------
---------------------------------------------------------------------------------
Finished Final Netlist Cleanup
---------------------------------------------------------------------------------
---------------------------------------------------------------------------------
Finished IO Insertion : Time (s): cpu = 00:00:26 ; elapsed = 00:00:33 . Memory (MB): peak = 1554.828 ; gain = 643.004
---------------------------------------------------------------------------------
---------------------------------------------------------------------------------
Start Renaming Generated Instances
---------------------------------------------------------------------------------
---------------------------------------------------------------------------------
Finished Renaming Generated Instances : Time (s): cpu = 00:00:26 ; elapsed = 00:00:33 . Memory (MB): peak = 1554.828 ; gain = 643.004
---------------------------------------------------------------------------------
---------------------------------------------------------------------------------
Start Rebuilding User Hierarchy
---------------------------------------------------------------------------------
---------------------------------------------------------------------------------
Finished Rebuilding User Hierarchy : Time (s): cpu = 00:00:27 ; elapsed = 00:00:33 . Memory (MB): peak = 1554.828 ; gain = 643.004
---------------------------------------------------------------------------------
---------------------------------------------------------------------------------
Start Renaming Generated Ports
---------------------------------------------------------------------------------
---------------------------------------------------------------------------------
Finished Renaming Generated Ports : Time (s): cpu = 00:00:27 ; elapsed = 00:00:33 . Memory (MB): peak = 1554.828 ; gain = 643.004
---------------------------------------------------------------------------------
---------------------------------------------------------------------------------
Start Handling Custom Attributes
---------------------------------------------------------------------------------
---------------------------------------------------------------------------------
Finished Handling Custom Attributes : Time (s): cpu = 00:00:27 ; elapsed = 00:00:33 . Memory (MB): peak = 1554.828 ; gain = 643.004
---------------------------------------------------------------------------------
---------------------------------------------------------------------------------
Start Renaming Generated Nets
---------------------------------------------------------------------------------
---------------------------------------------------------------------------------
Finished Renaming Generated Nets : Time (s): cpu = 00:00:27 ; elapsed = 00:00:33 . Memory (MB): peak = 1554.828 ; gain = 643.004
---------------------------------------------------------------------------------
---------------------------------------------------------------------------------
Start Writing Synthesis Report
---------------------------------------------------------------------------------

Report BlackBoxes: 
+-+--------------+----------+
| |BlackBox name |Instances |
+-+--------------+----------+
+-+--------------+----------+

Report Cell Usage: 
+------+--------+------+
|      |Cell    |Count |
+------+--------+------+
|1     |CARRY4  |    32|
|2     |LUT1    |    37|
|3     |LUT2    |   134|
|4     |LUT3    |   298|
|5     |LUT6    |     8|
|6     |MUXCY   |   165|
|7     |MUXF7   |     4|
|8     |SRLC32E |     4|
|9     |XORCY   |   165|
|10    |FDRE    |   914|
+------+--------+------+
---------------------------------------------------------------------------------
Finished Writing Synthesis Report : Time (s): cpu = 00:00:27 ; elapsed = 00:00:33 . Memory (MB): peak = 1554.828 ; gain = 643.004
---------------------------------------------------------------------------------
Synthesis finished with 0 errors, 0 critical warnings and 8 warnings.
Synthesis Optimization Runtime : Time (s): cpu = 00:00:14 ; elapsed = 00:00:31 . Memory (MB): peak = 1554.828 ; gain = 579.121
Synthesis Optimization Complete : Time (s): cpu = 00:00:27 ; elapsed = 00:00:33 . Memory (MB): peak = 1554.828 ; gain = 643.004
INFO: [Project 1-571] Translating synthesized netlist
Netlist sorting complete. Time (s): cpu = 00:00:00 ; elapsed = 00:00:00.031 . Memory (MB): peak = 1554.828 ; gain = 0.000
INFO: [Netlist 29-17] Analyzing 366 Unisim elements for replacement
INFO: [Netlist 29-28] Unisim Transformation completed in 0 CPU seconds
INFO: [Project 1-570] Preparing netlist for logic optimization
INFO: [Opt 31-138] Pushed 0 inverter(s) to 0 load pin(s).
Netlist sorting complete. Time (s): cpu = 00:00:00 ; elapsed = 00:00:00 . Memory (MB): peak = 1554.828 ; gain = 0.000
INFO: [Project 1-111] Unisim Transformation Summary:
  A total of 45 instances were transformed.
  (MUXCY,XORCY) => CARRY4: 45 instances

Synth Design complete | Checksum: 92e24e4
INFO: [Common 17-83] Releasing license: Synthesis
22 Infos, 101 Warnings, 0 Critical Warnings and 0 Errors encountered.
synth_design completed successfully
synth_design: Time (s): cpu = 00:00:30 ; elapsed = 00:00:39 . Memory (MB): peak = 1554.828 ; gain = 1077.910
INFO: [Common 17-1381] The checkpoint 'D:/VScode/course/ca-lab/prj3/exp10/mycpu_env/soc_verify/soc_bram/run_vivado/project/loongson.runs/div_gen_signed_synth_1/div_gen_signed.dcp' has been generated.
INFO: [Coretcl 2-1648] Added synthesis output to IP cache for IP div_gen_signed, cache-ID = 61f6eebcea4a0b1a
INFO: [Coretcl 2-1174] Renamed 108 cell refs.
INFO: [Common 17-1381] The checkpoint 'D:/VScode/course/ca-lab/prj3/exp10/mycpu_env/soc_verify/soc_bram/run_vivado/project/loongson.runs/div_gen_signed_synth_1/div_gen_signed.dcp' has been generated.
INFO: [runtcl-4] Executing : report_utilization -file div_gen_signed_utilization_synth.rpt -pb div_gen_signed_utilization_synth.pb
INFO: [Common 17-206] Exiting Vivado at Sat Sep 28 01:07:24 2024...
